<?xml version="1.0" encoding="UTF-8"?>
<testng-results ignored="0" total="1" passed="1" failed="0" skipped="0">
  <reporter-output>
  </reporter-output>
  <suite started-at="2022-12-16T08:03:08 IST" name="Default suite" finished-at="2022-12-16T08:03:41 IST" duration-ms="32406">
    <groups>
    </groups>
    <test started-at="2022-12-16T08:03:08 IST" name="Default test" finished-at="2022-12-16T08:03:41 IST" duration-ms="32406">
      <class name="project1.Demo1">
        <test-method signature="testA()[pri:0, instance:project1.Demo1@23c30a20]" started-at="2022-12-16T08:03:08 IST" name="testA" finished-at="2022-12-16T08:03:41 IST" duration-ms="32357" status="PASS">
          <reporter-output>
          </reporter-output>
        </test-method> <!-- testA -->
      </class> <!-- project1.Demo1 -->
    </test> <!-- Default test -->
  </suite> <!-- Default suite -->
</testng-results>
